<?xml version="1.0" encoding="UTF-8"?>
<testng-results ignored="0" total="1" passed="1" failed="0" skipped="0">
  <reporter-output>
  </reporter-output>
  <suite started-at="2023-08-21T15:15:24 IST" name="Default suite" finished-at="2023-08-21T15:15:32 IST" duration-ms="7947">
    <groups>
    </groups>
    <test started-at="2023-08-21T15:15:24 IST" name="Default test" finished-at="2023-08-21T15:15:32 IST" duration-ms="7947">
      <class name="testCases.VerifyLogin">
        <test-method signature="login()[pri:0, instance:testCases.VerifyLogin@7d8995e]" started-at="2023-08-21T15:15:24 IST" name="login" finished-at="2023-08-21T15:15:32 IST" duration-ms="7874" status="PASS">
          <reporter-output>
          </reporter-output>
        </test-method> <!-- login -->
      </class> <!-- testCases.VerifyLogin -->
    </test> <!-- Default test -->
  </suite> <!-- Default suite -->
</testng-results>
